<?xml version="1.0" encoding="UTF-8"?>
<!-- Generated by org.testng.reporters.JUnitReportReporter -->
<testsuite skipped="0" hostname="Serg-PC" name="com.theautomatedtester.pages.test.HomePage" tests="1" failures="0" timestamp="15 сен 2019 21:30:51 GMT" time="11.317" errors="0">
  <testcase name="userCanGoToChapter1" time="11.317" classname="com.theautomatedtester.pages.test.HomePage"/>
</testsuite> <!-- com.theautomatedtester.pages.test.HomePage -->
