<?xml version="1.0" encoding="UTF-8"?>
<!-- Generated by org.testng.reporters.JUnitReportReporter -->
<testsuite skipped="0" hostname="Serg-PC" name="com.theautomatedtester.pages.test.HomePageTest" tests="1" failures="0" timestamp="15 сен 2019 22:36:18 GMT" time="15.445" errors="0">
  <testcase name="userCanGoToChapter1" time="15.445" classname="com.theautomatedtester.pages.test.HomePageTest"/>
</testsuite> <!-- com.theautomatedtester.pages.test.HomePageTest -->
